[2001-09-18 00:51:29] Started ARSC server listening on port 444444.
[2001-09-18 10:47:59] Started ARSC server listening on port 2222.
[2001-09-18 11:58:31] A new client connected
[2001-09-18 11:58:31] New ARSC connection: SID c4be91cc5776f784beb2b97dc9f4a7ef, nickname fg, room just_another_room
[2001-09-18 11:58:45] Could not write to socket. Connection lost: SID c4be91cc5776f784beb2b97dc9f4a7ef, nickname fg, room just_another_room
[2001-09-19 06:02:11] A new client connected
[2001-09-19 06:02:11] New ARSC connection: SID 5243958a762063341dc82d2bbf0f5f33, nickname dummy, room lounge
[2001-09-19 06:02:27] Could not write to socket. Connection lost: SID 5243958a762063341dc82d2bbf0f5f33, nickname dummy, room lounge
[2001-09-19 06:02:31] A new client connected
[2001-09-19 06:02:31] New ARSC connection: SID 5243958a762063341dc82d2bbf0f5f33, nickname , room 
[2001-09-19 06:02:31] Connection lost: SID 5243958a762063341dc82d2bbf0f5f33, nickname , room 
[2001-09-19 07:02:16] A new client connected
[2001-09-19 07:02:16] New ARSC connection: SID 021d6609e59f7a2314500b1c01f2cddd, nickname qasd, room just_another_room
[2001-09-19 07:02:35] Could not write to socket. Connection lost: SID 021d6609e59f7a2314500b1c01f2cddd, nickname qasd, room just_another_room
[2001-09-19 14:29:40] A new client connected
[2001-09-19 14:29:40] New ARSC connection: SID cbab9a82c359800844f7a556714e5937, nickname pgod, room just_another_room
[2001-09-19 16:25:03] A new client connected
[2001-09-19 16:25:03] New ARSC connection: SID 6515fbe84e80975dcdcdb308fa77554d, nickname Netscape3, room just_another_room
[2001-09-19 16:25:48] Connection lost: SID 6515fbe84e80975dcdcdb308fa77554d, nickname Netscape3, room just_another_room
[2001-09-19 16:27:00] A new client connected
[2001-09-19 16:27:00] New ARSC connection: SID d248f79e273e44f410d3b038ba5b0512, nickname Opera, room just_another_room
